Determining if the pthread_create exist failed with the following output:
Change Dir: /home/troels/Projects/hi/lib/dlib-19.13/CMakeFiles/CMakeTmp

Run Build Command:"/usr/bin/make" "cmTC_80802/fast"
/usr/bin/make -f CMakeFiles/cmTC_80802.dir/build.make CMakeFiles/cmTC_80802.dir/build
make[1]: Entering directory '/home/troels/sync/Projects/hi/lib/dlib-19.13/CMakeFiles/CMakeTmp'
Building C object CMakeFiles/cmTC_80802.dir/CheckSymbolExists.c.o
/usr/bin/cc    -o CMakeFiles/cmTC_80802.dir/CheckSymbolExists.c.o   -c /home/troels/Projects/hi/lib/dlib-19.13/CMakeFiles/CMakeTmp/CheckSymbolExists.c
Linking C executable cmTC_80802
/usr/bin/cmake -E cmake_link_script CMakeFiles/cmTC_80802.dir/link.txt --verbose=1
/usr/bin/cc      -rdynamic CMakeFiles/cmTC_80802.dir/CheckSymbolExists.c.o  -o cmTC_80802 
CMakeFiles/cmTC_80802.dir/CheckSymbolExists.c.o: In function `main':
CheckSymbolExists.c:(.text+0x1b): undefined reference to `pthread_create'
collect2: error: ld returned 1 exit status
CMakeFiles/cmTC_80802.dir/build.make:97: recipe for target 'cmTC_80802' failed
make[1]: *** [cmTC_80802] Error 1
make[1]: Leaving directory '/home/troels/sync/Projects/hi/lib/dlib-19.13/CMakeFiles/CMakeTmp'
Makefile:126: recipe for target 'cmTC_80802/fast' failed
make: *** [cmTC_80802/fast] Error 2

File /home/troels/Projects/hi/lib/dlib-19.13/CMakeFiles/CMakeTmp/CheckSymbolExists.c:
/* */
#include <pthread.h>

int main(int argc, char** argv)
{
  (void)argv;
#ifndef pthread_create
  return ((int*)(&pthread_create))[argc];
#else
  (void)argc;
  return 0;
#endif
}

Determining if the function pthread_create exists in the pthreads failed with the following output:
Change Dir: /home/troels/Projects/hi/lib/dlib-19.13/CMakeFiles/CMakeTmp

Run Build Command:"/usr/bin/make" "cmTC_f240f/fast"
/usr/bin/make -f CMakeFiles/cmTC_f240f.dir/build.make CMakeFiles/cmTC_f240f.dir/build
make[1]: Entering directory '/home/troels/sync/Projects/hi/lib/dlib-19.13/CMakeFiles/CMakeTmp'
Building C object CMakeFiles/cmTC_f240f.dir/CheckFunctionExists.c.o
/usr/bin/cc   -DCHECK_FUNCTION_EXISTS=pthread_create   -o CMakeFiles/cmTC_f240f.dir/CheckFunctionExists.c.o   -c /usr/share/cmake-3.10/Modules/CheckFunctionExists.c
Linking C executable cmTC_f240f
/usr/bin/cmake -E cmake_link_script CMakeFiles/cmTC_f240f.dir/link.txt --verbose=1
/usr/bin/cc  -DCHECK_FUNCTION_EXISTS=pthread_create    -rdynamic CMakeFiles/cmTC_f240f.dir/CheckFunctionExists.c.o  -o cmTC_f240f -lpthreads 
/usr/bin/x86_64-linux-gnu-ld: cannot find -lpthreads
collect2: error: ld returned 1 exit status
CMakeFiles/cmTC_f240f.dir/build.make:97: recipe for target 'cmTC_f240f' failed
make[1]: *** [cmTC_f240f] Error 1
make[1]: Leaving directory '/home/troels/sync/Projects/hi/lib/dlib-19.13/CMakeFiles/CMakeTmp'
Makefile:126: recipe for target 'cmTC_f240f/fast' failed
make: *** [cmTC_f240f/fast] Error 2


